< 2 ' . < 2 ' > > < < 2 ' 2 ' 1 ' 2 ' > >
3 ' < 5 ' 6 ' > { < < 2 ' 3 ' > > } | 2 ' ^ y - - - 5 ' . < 3 ' > 2 ' ' ^ y - - - < < 1 ' ' 6 ' > 0 > < 6 ' > 6 ' ^ by . 6 - -
< 2 ' . < 2 ' > > < < 2 ' 2 ' 2 ' 3 ' > >
2 / 4 0 0
< 5 > 3 < 5 >
< 7 < 7 6 > > < 5 6 >
{ < < 5 ' > > } | 6 ' . < 3 ' > 1 ' ' ^ y { < < 6 ' 1 ' ' > > } | 6 ' ^ y - - 5 ' 2 ' 5 ' { < < 3 ' 5 ' > > } | 3 ' ^ y - - < 6 > 1 ' < 6 >
< 3 ' . < 5 ' > > < 3 ' 6 >
{ < < 2 ' > > } | 3 ' -
0 0
< 0 5 > < 5 6 >
< < 2 ' [ 3 ' 2 ' ] > 1 ' > 0
6 -
< 7 < 7 6 > > < 5 . < 6 > >
3 -
< 3 ' . < 6 ' > > < 1 ' ' < 7 ' 6 ' > >
< 2 < 6 , 1 > > < < 2 2 3 2 > >
< < 2 ' 1 ' > > { < 1 ' > } | 6 .
1 ' < 6 < 5 6 > >
< < 2 ' [ 3 ' 2 ' ] > 1 ' > 0
6 , -
< 3 ' . < 5 ' > > < 3 ' 6 >
< 7 , 7 , > < 7 , 5 , >
< 3 < 2 1 > > < 3 1 ' >
< 1 ' > 1 ' < 6 >
3 ' 0
< 3 , 1 > < < 5 , 6 , 1 7 , > >
2 -
< 6 , < 6 , 6 , > > < 6 , < 3 2 > >
